==> training...
Epoch: [1][0/875]	Time 32.835 (32.835)	Data 0.604 (0.604)	Loss 2.0979 (2.0979)	Acc@1 4.688 (4.688)	Acc@5 60.938 (60.938)
Epoch: [1][100/875]	Time 0.095 (0.419)	Data 0.006 (0.011)	Loss 1.5291 (1.6099)	Acc@1 39.062 (38.923)	Acc@5 93.750 (90.408)
Epoch: [1][200/875]	Time 0.079 (0.256)	Data 0.007 (0.009)	Loss 1.3202 (1.5429)	Acc@1 48.438 (41.021)	Acc@5 98.438 (92.032)
Epoch: [1][300/875]	Time 0.104 (0.202)	Data 0.006 (0.008)	Loss 1.3287 (1.5089)	Acc@1 51.562 (42.239)	Acc@5 93.750 (92.660)
Epoch: [1][400/875]	Time 0.089 (0.175)	Data 0.004 (0.007)	Loss 1.1975 (1.4828)	Acc@1 54.688 (43.267)	Acc@5 96.875 (93.123)
Epoch: [1][500/875]	Time 0.080 (0.159)	Data 0.005 (0.007)	Loss 1.2155 (1.4639)	Acc@1 56.250 (43.915)	Acc@5 96.875 (93.413)
Epoch: [1][600/875]	Time 0.069 (0.148)	Data 0.006 (0.007)	Loss 1.3728 (1.4429)	Acc@1 45.312 (44.754)	Acc@5 93.750 (93.667)
Epoch: [1][700/875]	Time 0.108 (0.140)	Data 0.006 (0.007)	Loss 1.4064 (1.4276)	Acc@1 48.438 (45.404)	Acc@5 98.438 (93.884)
Epoch: [1][800/875]	Time 0.098 (0.135)	Data 0.006 (0.006)	Loss 1.3057 (1.4179)	Acc@1 53.125 (45.796)	Acc@5 96.875 (93.972)
 * Acc@1 46.207 Acc@5 94.120
epoch 1, total time 114.99
Test: [0/750]	Time 1.218 (1.218)	Loss 1.4306 (1.4306)	Acc@1 34.375 (34.375)	Acc@5 84.375 (84.375)
Test: [100/750]	Time 0.032 (0.050)	Loss 0.7861 (1.1803)	Acc@1 81.250 (33.292)	Acc@5 93.750 (87.438)
Test: [200/750]	Time 0.024 (0.043)	Loss 1.6828 (0.9772)	Acc@1 28.125 (52.270)	Acc@5 81.250 (90.252)
Test: [300/750]	Time 0.024 (0.041)	Loss 2.1904 (1.2022)	Acc@1 0.000 (43.179)	Acc@5 50.000 (87.438)
Test: [400/750]	Time 0.061 (0.040)	Loss 0.7858 (1.3676)	Acc@1 68.750 (37.017)	Acc@5 96.875 (81.686)
Test: [500/750]	Time 0.062 (0.039)	Loss 1.4743 (1.3059)	Acc@1 56.250 (42.353)	Acc@5 81.250 (82.928)
Test: [600/750]	Time 0.030 (0.039)	Loss 1.8785 (1.3621)	Acc@1 43.750 (42.934)	Acc@5 71.875 (82.259)
Test: [700/750]	Time 0.039 (0.039)	Loss 1.4571 (1.3945)	Acc@1 62.500 (43.376)	Acc@5 81.250 (82.066)
 * Acc@1 44.504 Acc@5 82.533
saving the best model!
==> training...
Epoch: [2][0/875]	Time 1.221 (1.221)	Data 1.152 (1.152)	Loss 1.2106 (1.2106)	Acc@1 54.688 (54.688)	Acc@5 95.312 (95.312)
Epoch: [2][100/875]	Time 0.103 (0.106)	Data 0.005 (0.017)	Loss 1.2814 (1.3276)	Acc@1 51.562 (49.923)	Acc@5 95.312 (94.926)
Epoch: [2][200/875]	Time 0.079 (0.098)	Data 0.004 (0.011)	Loss 1.3820 (1.3080)	Acc@1 42.188 (50.770)	Acc@5 95.312 (95.382)
Epoch: [2][300/875]	Time 0.103 (0.094)	Data 0.005 (0.010)	Loss 1.3209 (1.2988)	Acc@1 50.000 (50.966)	Acc@5 96.875 (95.396)
Epoch: [2][400/875]	Time 0.068 (0.093)	Data 0.006 (0.009)	Loss 1.2480 (1.2941)	Acc@1 50.000 (51.185)	Acc@5 96.875 (95.394)
Epoch: [2][500/875]	Time 0.071 (0.089)	Data 0.006 (0.008)	Loss 1.1379 (1.2831)	Acc@1 62.500 (51.456)	Acc@5 95.312 (95.465)
Epoch: [2][600/875]	Time 0.072 (0.087)	Data 0.005 (0.008)	Loss 1.2571 (1.2787)	Acc@1 50.000 (51.638)	Acc@5 98.438 (95.518)
Epoch: [2][700/875]	Time 0.075 (0.085)	Data 0.004 (0.007)	Loss 1.2150 (1.2754)	Acc@1 54.688 (51.850)	Acc@5 95.312 (95.567)
Epoch: [2][800/875]	Time 0.074 (0.083)	Data 0.005 (0.007)	Loss 1.1399 (1.2710)	Acc@1 59.375 (52.072)	Acc@5 96.875 (95.568)
 * Acc@1 52.157 Acc@5 95.588
epoch 2, total time 72.48
Test: [0/750]	Time 0.654 (0.654)	Loss 0.8628 (0.8628)	Acc@1 81.250 (81.250)	Acc@5 81.250 (81.250)
Test: [100/750]	Time 0.022 (0.034)	Loss 0.8505 (0.6740)	Acc@1 65.625 (81.931)	Acc@5 93.750 (87.283)
Test: [200/750]	Time 0.024 (0.031)	Loss 1.5222 (0.7426)	Acc@1 40.625 (75.622)	Acc@5 90.625 (91.107)
Test: [300/750]	Time 0.028 (0.030)	Loss 1.4723 (0.9574)	Acc@1 31.250 (65.615)	Acc@5 84.375 (91.300)
Test: [400/750]	Time 0.025 (0.029)	Loss 1.2636 (1.0775)	Acc@1 56.250 (57.879)	Acc@5 84.375 (90.181)
Test: [500/750]	Time 0.025 (0.029)	Loss 1.0960 (1.1101)	Acc@1 53.125 (58.109)	Acc@5 87.500 (88.423)
Test: [600/750]	Time 0.026 (0.029)	Loss 1.0884 (1.1203)	Acc@1 59.375 (58.621)	Acc@5 90.625 (88.150)
Test: [700/750]	Time 0.027 (0.029)	Loss 1.4573 (1.1338)	Acc@1 40.625 (57.895)	Acc@5 81.250 (88.044)
 * Acc@1 57.500 Acc@5 87.492
saving the best model!
==> training...
Epoch: [3][0/875]	Time 1.183 (1.183)	Data 1.125 (1.125)	Loss 1.2158 (1.2158)	Acc@1 56.250 (56.250)	Acc@5 95.312 (95.312)
Epoch: [3][100/875]	Time 0.073 (0.092)	Data 0.006 (0.017)	Loss 1.3305 (1.2019)	Acc@1 54.688 (55.183)	Acc@5 96.875 (96.055)
Epoch: [3][200/875]	Time 0.086 (0.086)	Data 0.006 (0.011)	Loss 0.9767 (1.2270)	Acc@1 67.188 (54.656)	Acc@5 98.438 (95.608)
Epoch: [3][300/875]	Time 0.084 (0.084)	Data 0.005 (0.009)	Loss 1.2003 (1.2263)	Acc@1 51.562 (54.604)	Acc@5 96.875 (95.702)
Epoch: [3][400/875]	Time 0.088 (0.084)	Data 0.004 (0.008)	Loss 1.2384 (1.2212)	Acc@1 53.125 (54.602)	Acc@5 98.438 (95.932)
Epoch: [3][500/875]	Time 0.090 (0.086)	Data 0.005 (0.008)	Loss 1.2693 (1.2181)	Acc@1 53.125 (54.691)	Acc@5 98.438 (95.936)
Epoch: [3][600/875]	Time 0.075 (0.088)	Data 0.005 (0.008)	Loss 1.2440 (1.2159)	Acc@1 59.375 (54.758)	Acc@5 90.625 (95.955)
Epoch: [3][700/875]	Time 0.092 (0.089)	Data 0.004 (0.007)	Loss 1.2652 (1.2127)	Acc@1 51.562 (54.810)	Acc@5 95.312 (96.017)
Epoch: [3][800/875]	Time 0.083 (0.090)	Data 0.005 (0.007)	Loss 1.2728 (1.2132)	Acc@1 60.938 (54.773)	Acc@5 93.750 (96.052)
 * Acc@1 54.830 Acc@5 96.105
epoch 3, total time 79.21
Test: [0/750]	Time 0.663 (0.663)	Loss 0.9311 (0.9311)	Acc@1 81.250 (81.250)	Acc@5 81.250 (81.250)
Test: [100/750]	Time 0.030 (0.043)	Loss 0.7503 (0.7202)	Acc@1 62.500 (82.488)	Acc@5 96.875 (87.160)
Test: [200/750]	Time 0.027 (0.041)	Loss 1.7913 (0.7663)	Acc@1 18.750 (75.389)	Acc@5 75.000 (90.687)
Test: [300/750]	Time 0.038 (0.039)	Loss 1.8000 (1.0754)	Acc@1 21.875 (58.679)	Acc@5 78.125 (87.708)
Test: [400/750]	Time 0.030 (0.039)	Loss 0.9821 (1.2186)	Acc@1 62.500 (50.686)	Acc@5 93.750 (85.965)
Test: [500/750]	Time 0.029 (0.038)	Loss 1.1156 (1.1900)	Acc@1 65.625 (53.144)	Acc@5 81.250 (86.178)
Test: [600/750]	Time 0.030 (0.038)	Loss 1.2982 (1.1996)	Acc@1 59.375 (54.617)	Acc@5 90.625 (85.919)
Test: [700/750]	Time 0.029 (0.038)	Loss 1.0332 (1.1880)	Acc@1 71.875 (55.822)	Acc@5 84.375 (86.613)
 * Acc@1 56.954 Acc@5 86.929
==> training...
Epoch: [4][0/875]	Time 1.249 (1.249)	Data 1.194 (1.194)	Loss 1.1542 (1.1542)	Acc@1 53.125 (53.125)	Acc@5 98.438 (98.438)
Epoch: [4][100/875]	Time 0.116 (0.108)	Data 0.005 (0.017)	Loss 1.1312 (1.2057)	Acc@1 59.375 (54.626)	Acc@5 95.312 (96.349)
Epoch: [4][200/875]	Time 0.107 (0.101)	Data 0.005 (0.011)	Loss 1.2021 (1.1917)	Acc@1 59.375 (55.340)	Acc@5 93.750 (96.479)
Epoch: [4][300/875]	Time 0.077 (0.099)	Data 0.006 (0.009)	Loss 1.2593 (1.1864)	Acc@1 64.062 (55.627)	Acc@5 92.188 (96.486)
Epoch: [4][400/875]	Time 0.099 (0.099)	Data 0.007 (0.008)	Loss 0.9314 (1.1796)	Acc@1 62.500 (55.923)	Acc@5 98.438 (96.454)
Epoch: [4][500/875]	Time 0.071 (0.098)	Data 0.005 (0.008)	Loss 1.1140 (1.1741)	Acc@1 62.500 (56.216)	Acc@5 95.312 (96.417)
Epoch: [4][600/875]	Time 0.078 (0.096)	Data 0.006 (0.008)	Loss 1.2174 (1.1780)	Acc@1 54.688 (56.076)	Acc@5 93.750 (96.378)
Epoch: [4][700/875]	Time 0.076 (0.095)	Data 0.005 (0.007)	Loss 1.0611 (1.1741)	Acc@1 62.500 (56.101)	Acc@5 95.312 (96.429)
Epoch: [4][800/875]	Time 0.108 (0.094)	Data 0.006 (0.007)	Loss 1.1186 (1.1717)	Acc@1 56.250 (56.246)	Acc@5 98.438 (96.403)
 * Acc@1 56.264 Acc@5 96.423
epoch 4, total time 82.36
Test: [0/750]	Time 0.652 (0.652)	Loss 0.8433 (0.8433)	Acc@1 78.125 (78.125)	Acc@5 81.250 (81.250)
Test: [100/750]	Time 0.029 (0.041)	Loss 0.5163 (0.7554)	Acc@1 75.000 (80.755)	Acc@5 100.000 (87.531)
Test: [200/750]	Time 0.034 (0.038)	Loss 2.3818 (0.7363)	Acc@1 6.250 (76.695)	Acc@5 40.625 (89.956)
Test: [300/750]	Time 0.025 (0.036)	Loss 1.7100 (1.1795)	Acc@1 34.375 (55.793)	Acc@5 84.375 (81.333)
Test: [400/750]	Time 0.035 (0.036)	Loss 0.8206 (1.2616)	Acc@1 78.125 (51.652)	Acc@5 90.625 (81.983)
Test: [500/750]	Time 0.101 (0.036)	Loss 1.0585 (1.1955)	Acc@1 62.500 (55.520)	Acc@5 84.375 (83.757)
Test: [600/750]	Time 0.047 (0.035)	Loss 0.6585 (1.1684)	Acc@1 87.500 (57.295)	Acc@5 100.000 (84.895)
Test: [700/750]	Time 0.030 (0.035)	Loss 1.6949 (1.1552)	Acc@1 37.500 (57.565)	Acc@5 75.000 (85.944)
 * Acc@1 57.021 Acc@5 85.817
==> training...
Epoch: [5][0/875]	Time 1.147 (1.147)	Data 1.094 (1.094)	Loss 1.1971 (1.1971)	Acc@1 46.875 (46.875)	Acc@5 96.875 (96.875)
Epoch: [5][100/875]	Time 0.073 (0.085)	Data 0.004 (0.016)	Loss 0.9966 (1.1500)	Acc@1 57.812 (57.843)	Acc@5 100.000 (96.519)
Epoch: [5][200/875]	Time 0.070 (0.079)	Data 0.004 (0.011)	Loss 1.1580 (1.1532)	Acc@1 60.938 (57.432)	Acc@5 95.312 (96.502)
Epoch: [5][300/875]	Time 0.087 (0.078)	Data 0.004 (0.009)	Loss 1.0331 (1.1512)	Acc@1 67.188 (57.397)	Acc@5 96.875 (96.538)
Epoch: [5][400/875]	Time 0.075 (0.079)	Data 0.007 (0.008)	Loss 1.1246 (1.1464)	Acc@1 56.250 (57.516)	Acc@5 100.000 (96.661)
Epoch: [5][500/875]	Time 0.086 (0.079)	Data 0.005 (0.008)	Loss 0.9793 (1.1433)	Acc@1 60.938 (57.722)	Acc@5 98.438 (96.622)
Epoch: [5][600/875]	Time 0.138 (0.079)	Data 0.005 (0.007)	Loss 0.9462 (1.1440)	Acc@1 62.500 (57.607)	Acc@5 100.000 (96.625)
Epoch: [5][700/875]	Time 0.173 (0.079)	Data 0.005 (0.007)	Loss 1.1816 (1.1433)	Acc@1 60.938 (57.614)	Acc@5 93.750 (96.643)
Epoch: [5][800/875]	Time 0.069 (0.079)	Data 0.005 (0.007)	Loss 1.0039 (1.1430)	Acc@1 64.062 (57.598)	Acc@5 96.875 (96.649)
 * Acc@1 57.611 Acc@5 96.680
epoch 5, total time 69.68
Test: [0/750]	Time 0.631 (0.631)	Loss 0.8465 (0.8465)	Acc@1 78.125 (78.125)	Acc@5 84.375 (84.375)
Test: [100/750]	Time 0.028 (0.038)	Loss 0.6169 (0.6617)	Acc@1 84.375 (82.519)	Acc@5 96.875 (88.769)
Test: [200/750]	Time 0.029 (0.035)	Loss 2.0853 (0.6770)	Acc@1 9.375 (78.483)	Acc@5 65.625 (91.294)
Test: [300/750]	Time 0.039 (0.034)	Loss 1.1096 (1.0105)	Acc@1 62.500 (59.074)	Acc@5 96.875 (87.915)
Test: [400/750]	Time 0.038 (0.033)	Loss 1.0527 (1.0540)	Acc@1 65.625 (57.481)	Acc@5 90.625 (88.848)
Test: [500/750]	Time 0.024 (0.033)	Loss 1.0666 (1.0683)	Acc@1 59.375 (59.101)	Acc@5 81.250 (87.905)
Test: [600/750]	Time 0.032 (0.033)	Loss 1.0286 (1.0957)	Acc@1 62.500 (59.177)	Acc@5 90.625 (87.406)
Test: [700/750]	Time 0.054 (0.033)	Loss 1.2408 (1.1060)	Acc@1 43.750 (58.091)	Acc@5 84.375 (87.941)
 * Acc@1 58.162 Acc@5 88.237
saving the best model!
==> training...
Epoch: [6][0/875]	Time 1.226 (1.226)	Data 1.141 (1.141)	Loss 1.0196 (1.0196)	Acc@1 59.375 (59.375)	Acc@5 98.438 (98.438)
Epoch: [6][100/875]	Time 0.111 (0.106)	Data 0.006 (0.017)	Loss 1.2693 (1.1371)	Acc@1 56.250 (57.116)	Acc@5 98.438 (96.952)
Epoch: [6][200/875]	Time 0.094 (0.100)	Data 0.005 (0.011)	Loss 1.1047 (1.1417)	Acc@1 57.812 (57.463)	Acc@5 98.438 (96.766)
Epoch: [6][300/875]	Time 0.089 (0.098)	Data 0.005 (0.010)	Loss 0.9628 (1.1346)	Acc@1 65.625 (57.678)	Acc@5 96.875 (96.802)
Epoch: [6][400/875]	Time 0.118 (0.098)	Data 0.007 (0.009)	Loss 1.0701 (1.1335)	Acc@1 57.812 (57.793)	Acc@5 96.875 (96.820)
Epoch: [6][500/875]	Time 0.099 (0.097)	Data 0.005 (0.008)	Loss 1.5252 (1.1285)	Acc@1 48.438 (58.034)	Acc@5 92.188 (96.794)
Epoch: [6][600/875]	Time 0.085 (0.097)	Data 0.006 (0.008)	Loss 0.9823 (1.1260)	Acc@1 65.625 (58.231)	Acc@5 100.000 (96.818)
Epoch: [6][700/875]	Time 0.108 (0.096)	Data 0.006 (0.007)	Loss 1.4483 (1.1215)	Acc@1 50.000 (58.439)	Acc@5 95.312 (96.873)
Epoch: [6][800/875]	Time 0.077 (0.096)	Data 0.006 (0.007)	Loss 1.0825 (1.1199)	Acc@1 60.938 (58.534)	Acc@5 98.438 (96.895)
 * Acc@1 58.548 Acc@5 96.895
epoch 6, total time 83.97
Test: [0/750]	Time 0.642 (0.642)	Loss 0.8282 (0.8282)	Acc@1 81.250 (81.250)	Acc@5 81.250 (81.250)
Test: [100/750]	Time 0.052 (0.041)	Loss 1.0509 (0.7641)	Acc@1 68.750 (78.589)	Acc@5 93.750 (87.717)
Test: [200/750]	Time 0.029 (0.039)	Loss 1.4924 (0.8256)	Acc@1 34.375 (72.264)	Acc@5 87.500 (90.236)
Test: [300/750]	Time 0.026 (0.037)	Loss 1.0940 (0.9729)	Acc@1 56.250 (62.978)	Acc@5 96.875 (91.310)
Test: [400/750]	Time 0.028 (0.036)	Loss 1.2081 (1.0367)	Acc@1 59.375 (59.889)	Acc@5 75.000 (90.461)
Test: [500/750]	Time 0.053 (0.036)	Loss 1.1110 (1.0990)	Acc@1 56.250 (59.101)	Acc@5 84.375 (87.431)
Test: [600/750]	Time 0.032 (0.035)	Loss 1.0952 (1.1167)	Acc@1 65.625 (59.536)	Acc@5 84.375 (86.725)
Test: [700/750]	Time 0.030 (0.035)	Loss 1.3736 (1.1283)	Acc@1 40.625 (58.671)	Acc@5 78.125 (87.108)
 * Acc@1 58.325 Acc@5 87.525
saving the best model!
==> training...
Epoch: [7][0/875]	Time 1.239 (1.239)	Data 1.186 (1.186)	Loss 1.2794 (1.2794)	Acc@1 46.875 (46.875)	Acc@5 92.188 (92.188)
Epoch: [7][100/875]	Time 0.100 (0.099)	Data 0.006 (0.017)	Loss 1.2150 (1.0832)	Acc@1 53.125 (59.932)	Acc@5 96.875 (96.906)
Epoch: [7][200/875]	Time 0.104 (0.093)	Data 0.005 (0.011)	Loss 0.8256 (1.0861)	Acc@1 75.000 (59.771)	Acc@5 98.438 (96.984)
Epoch: [7][300/875]	Time 0.073 (0.092)	Data 0.006 (0.009)	Loss 1.2292 (1.0926)	Acc@1 56.250 (59.593)	Acc@5 93.750 (96.870)
Epoch: [7][400/875]	Time 0.077 (0.091)	Data 0.006 (0.008)	Loss 1.1271 (1.0986)	Acc@1 57.812 (59.324)	Acc@5 96.875 (96.926)
Epoch: [7][500/875]	Time 0.096 (0.091)	Data 0.005 (0.008)	Loss 0.8782 (1.0978)	Acc@1 65.625 (59.331)	Acc@5 98.438 (96.944)
Epoch: [7][600/875]	Time 0.108 (0.091)	Data 0.005 (0.008)	Loss 1.0952 (1.0969)	Acc@1 59.375 (59.344)	Acc@5 100.000 (96.961)
Epoch: [7][700/875]	Time 0.088 (0.091)	Data 0.005 (0.007)	Loss 0.9325 (1.0931)	Acc@1 65.625 (59.440)	Acc@5 98.438 (97.042)
Epoch: [7][800/875]	Time 0.083 (0.090)	Data 0.005 (0.007)	Loss 1.1773 (1.0963)	Acc@1 60.938 (59.277)	Acc@5 93.750 (97.029)
 * Acc@1 59.287 Acc@5 97.014
epoch 7, total time 78.55
Test: [0/750]	Time 0.674 (0.674)	Loss 0.7144 (0.7144)	Acc@1 78.125 (78.125)	Acc@5 84.375 (84.375)
Test: [100/750]	Time 0.027 (0.039)	Loss 0.5209 (0.5857)	Acc@1 90.625 (83.045)	Acc@5 96.875 (90.347)
Test: [200/750]	Time 0.035 (0.035)	Loss 1.7774 (0.5796)	Acc@1 25.000 (81.887)	Acc@5 68.750 (92.973)
Test: [300/750]	Time 0.036 (0.034)	Loss 1.5717 (0.9198)	Acc@1 28.125 (65.490)	Acc@5 93.750 (89.929)
Test: [400/750]	Time 0.032 (0.034)	Loss 0.6629 (1.0485)	Acc@1 75.000 (58.533)	Acc@5 90.625 (88.918)
Test: [500/750]	Time 0.029 (0.033)	Loss 0.9735 (1.0230)	Acc@1 78.125 (60.984)	Acc@5 87.500 (88.579)
Test: [600/750]	Time 0.028 (0.033)	Loss 1.0115 (1.0566)	Acc@1 56.250 (60.004)	Acc@5 96.875 (88.483)
Test: [700/750]	Time 0.033 (0.032)	Loss 1.2234 (1.0614)	Acc@1 65.625 (59.504)	Acc@5 84.375 (89.283)
 * Acc@1 60.192 Acc@5 89.450
saving the best model!
==> training...
Epoch: [8][0/875]	Time 1.276 (1.276)	Data 1.220 (1.220)	Loss 1.0047 (1.0047)	Acc@1 60.938 (60.938)	Acc@5 98.438 (98.438)
Epoch: [8][100/875]	Time 0.067 (0.092)	Data 0.005 (0.017)	Loss 0.8953 (1.1107)	Acc@1 70.312 (58.153)	Acc@5 98.438 (96.705)
Epoch: [8][200/875]	Time 0.069 (0.086)	Data 0.005 (0.011)	Loss 1.1286 (1.0891)	Acc@1 65.625 (59.150)	Acc@5 96.875 (97.046)
Epoch: [8][300/875]	Time 0.080 (0.084)	Data 0.006 (0.010)	Loss 1.3050 (1.0887)	Acc@1 53.125 (59.598)	Acc@5 95.312 (97.046)
Epoch: [8][400/875]	Time 0.079 (0.083)	Data 0.004 (0.009)	Loss 0.9860 (1.0857)	Acc@1 62.500 (59.784)	Acc@5 98.438 (97.015)
Epoch: [8][500/875]	Time 0.082 (0.083)	Data 0.006 (0.008)	Loss 0.9737 (1.0868)	Acc@1 67.188 (59.793)	Acc@5 95.312 (96.987)
Epoch: [8][600/875]	Time 0.088 (0.082)	Data 0.005 (0.008)	Loss 1.0045 (1.0848)	Acc@1 62.500 (59.913)	Acc@5 98.438 (97.000)
Epoch: [8][700/875]	Time 0.077 (0.082)	Data 0.006 (0.007)	Loss 0.9265 (1.0842)	Acc@1 62.500 (59.792)	Acc@5 98.438 (97.033)
Epoch: [8][800/875]	Time 0.104 (0.084)	Data 0.007 (0.007)	Loss 0.9867 (1.0841)	Acc@1 67.188 (59.724)	Acc@5 96.875 (97.056)
 * Acc@1 59.714 Acc@5 97.050
epoch 8, total time 74.45
Test: [0/750]	Time 0.630 (0.630)	Loss 0.7132 (0.7132)	Acc@1 78.125 (78.125)	Acc@5 90.625 (90.625)
Test: [100/750]	Time 0.032 (0.044)	Loss 0.4020 (0.6369)	Acc@1 87.500 (81.281)	Acc@5 96.875 (89.790)
Test: [200/750]	Time 0.031 (0.040)	Loss 1.7587 (0.5758)	Acc@1 37.500 (81.048)	Acc@5 78.125 (93.346)
Test: [300/750]	Time 0.045 (0.040)	Loss 1.9448 (0.8912)	Acc@1 15.625 (67.847)	Acc@5 75.000 (91.040)
Test: [400/750]	Time 0.035 (0.039)	Loss 0.6824 (1.0673)	Acc@1 81.250 (58.253)	Acc@5 87.500 (88.918)
Test: [500/750]	Time 0.036 (0.039)	Loss 1.0843 (1.0216)	Acc@1 65.625 (61.552)	Acc@5 84.375 (88.860)
Test: [600/750]	Time 0.034 (0.039)	Loss 0.7122 (1.0338)	Acc@1 78.125 (61.684)	Acc@5 96.875 (89.081)
Test: [700/750]	Time 0.110 (0.038)	Loss 1.4684 (1.0419)	Acc@1 59.375 (61.386)	Acc@5 81.250 (89.555)
 * Acc@1 60.871 Acc@5 89.104
saving the best model!
==> training...
Epoch: [9][0/875]	Time 1.311 (1.311)	Data 1.225 (1.225)	Loss 0.9626 (0.9626)	Acc@1 60.938 (60.938)	Acc@5 100.000 (100.000)
Epoch: [9][100/875]	Time 0.086 (0.101)	Data 0.004 (0.018)	Loss 1.0726 (1.0801)	Acc@1 57.812 (60.009)	Acc@5 96.875 (96.968)
Epoch: [9][200/875]	Time 0.077 (0.094)	Data 0.004 (0.012)	Loss 1.1200 (1.0834)	Acc@1 56.250 (59.958)	Acc@5 98.438 (97.038)
Epoch: [9][300/875]	Time 0.109 (0.092)	Data 0.006 (0.010)	Loss 0.9868 (1.0860)	Acc@1 65.625 (59.868)	Acc@5 96.875 (97.041)
Epoch: [9][400/875]	Time 0.077 (0.091)	Data 0.005 (0.009)	Loss 1.0183 (1.0780)	Acc@1 67.188 (60.150)	Acc@5 96.875 (97.054)
Epoch: [9][500/875]	Time 0.078 (0.090)	Data 0.004 (0.008)	Loss 1.0795 (1.0818)	Acc@1 67.188 (59.949)	Acc@5 93.750 (97.096)
Epoch: [9][600/875]	Time 0.073 (0.090)	Data 0.005 (0.008)	Loss 0.8488 (1.0765)	Acc@1 75.000 (60.262)	Acc@5 100.000 (97.101)
Epoch: [9][700/875]	Time 0.073 (0.090)	Data 0.006 (0.008)	Loss 1.2645 (1.0770)	Acc@1 62.500 (60.264)	Acc@5 96.875 (97.129)
Epoch: [9][800/875]	Time 0.081 (0.090)	Data 0.004 (0.007)	Loss 1.1459 (1.0760)	Acc@1 59.375 (60.276)	Acc@5 96.875 (97.144)
 * Acc@1 60.370 Acc@5 97.137
epoch 9, total time 78.52
Test: [0/750]	Time 0.647 (0.647)	Loss 0.6154 (0.6154)	Acc@1 81.250 (81.250)	Acc@5 84.375 (84.375)
Test: [100/750]	Time 0.032 (0.042)	Loss 0.5911 (0.4987)	Acc@1 84.375 (84.839)	Acc@5 96.875 (91.646)
Test: [200/750]	Time 0.029 (0.038)	Loss 1.5014 (0.5476)	Acc@1 40.625 (83.147)	Acc@5 78.125 (94.356)
Test: [300/750]	Time 0.029 (0.037)	Loss 1.6354 (0.8475)	Acc@1 12.500 (70.266)	Acc@5 75.000 (92.463)
Test: [400/750]	Time 0.029 (0.036)	Loss 0.6634 (1.0006)	Acc@1 84.375 (61.697)	Acc@5 90.625 (90.859)
Test: [500/750]	Time 0.050 (0.036)	Loss 0.8205 (0.9598)	Acc@1 68.750 (64.303)	Acc@5 93.750 (90.931)
Test: [600/750]	Time 0.036 (0.036)	Loss 1.1129 (0.9676)	Acc@1 56.250 (64.445)	Acc@5 90.625 (91.031)
Test: [700/750]	Time 0.032 (0.037)	Loss 1.7333 (1.0043)	Acc@1 37.500 (62.594)	Acc@5 75.000 (90.714)
 * Acc@1 61.800 Acc@5 89.979
saving the best model!
==> training...
Epoch: [10][0/875]	Time 1.252 (1.252)	Data 1.200 (1.200)	Loss 1.1068 (1.1068)	Acc@1 57.812 (57.812)	Acc@5 96.875 (96.875)
Epoch: [10][100/875]	Time 0.102 (0.108)	Data 0.006 (0.018)	Loss 1.0252 (1.0554)	Acc@1 57.812 (60.984)	Acc@5 98.438 (97.416)
Epoch: [10][200/875]	Time 0.089 (0.101)	Data 0.005 (0.012)	Loss 1.0789 (1.0706)	Acc@1 54.688 (60.176)	Acc@5 98.438 (97.264)
Epoch: [10][300/875]	Time 0.102 (0.099)	Data 0.005 (0.010)	Loss 0.9758 (1.0604)	Acc@1 70.312 (60.341)	Acc@5 93.750 (97.399)
Epoch: [10][400/875]	Time 0.093 (0.096)	Data 0.006 (0.009)	Loss 1.1666 (1.0544)	Acc@1 59.375 (60.739)	Acc@5 95.312 (97.343)
Epoch: [10][500/875]	Time 0.089 (0.093)	Data 0.005 (0.008)	Loss 1.1143 (1.0551)	Acc@1 65.625 (60.632)	Acc@5 98.438 (97.321)
Epoch: [10][600/875]	Time 0.074 (0.091)	Data 0.005 (0.008)	Loss 1.0182 (1.0560)	Acc@1 59.375 (60.636)	Acc@5 98.438 (97.265)
Epoch: [10][700/875]	Time 0.077 (0.089)	Data 0.005 (0.007)	Loss 1.0288 (1.0546)	Acc@1 56.250 (60.712)	Acc@5 98.438 (97.301)
Epoch: [10][800/875]	Time 0.068 (0.088)	Data 0.005 (0.007)	Loss 0.9756 (1.0538)	Acc@1 65.625 (60.776)	Acc@5 98.438 (97.330)
 * Acc@1 60.827 Acc@5 97.339
epoch 10, total time 76.87
Test: [0/750]	Time 0.652 (0.652)	Loss 0.7381 (0.7381)	Acc@1 81.250 (81.250)	Acc@5 90.625 (90.625)
Test: [100/750]	Time 0.028 (0.039)	Loss 0.7296 (0.6897)	Acc@1 75.000 (81.590)	Acc@5 96.875 (90.316)
Test: [200/750]	Time 0.040 (0.035)	Loss 1.6663 (0.7176)	Acc@1 40.625 (77.627)	Acc@5 90.625 (91.558)
Test: [300/750]	Time 0.036 (0.034)	Loss 1.6193 (0.9736)	Acc@1 34.375 (65.490)	Acc@5 84.375 (90.833)
Test: [400/750]	Time 0.026 (0.033)	Loss 0.5946 (1.0860)	Acc@1 78.125 (59.546)	Acc@5 93.750 (89.487)
Test: [500/750]	Time 0.032 (0.033)	Loss 0.7613 (1.0046)	Acc@1 75.000 (63.323)	Acc@5 100.000 (90.213)
Test: [600/750]	Time 0.034 (0.032)	Loss 1.1532 (1.0074)	Acc@1 53.125 (63.712)	Acc@5 87.500 (90.464)
Test: [700/750]	Time 0.033 (0.032)	Loss 2.0101 (1.0479)	Acc@1 53.125 (62.585)	Acc@5 71.875 (89.675)
 * Acc@1 62.158 Acc@5 88.842
saving the best model!
==> training...
Epoch: [11][0/875]	Time 1.301 (1.301)	Data 1.235 (1.235)	Loss 1.0111 (1.0111)	Acc@1 67.188 (67.188)	Acc@5 95.312 (95.312)
Epoch: [11][100/875]	Time 0.069 (0.092)	Data 0.005 (0.018)	Loss 0.8377 (1.0355)	Acc@1 71.875 (62.345)	Acc@5 98.438 (97.355)
Epoch: [11][200/875]	Time 0.080 (0.087)	Data 0.004 (0.012)	Loss 1.1690 (1.0396)	Acc@1 57.812 (61.863)	Acc@5 96.875 (97.310)
Epoch: [11][300/875]	Time 0.069 (0.085)	Data 0.005 (0.010)	Loss 1.1556 (1.0442)	Acc@1 48.438 (61.415)	Acc@5 96.875 (97.399)
Epoch: [11][400/875]	Time 0.088 (0.086)	Data 0.006 (0.009)	Loss 0.9326 (1.0443)	Acc@1 67.188 (61.510)	Acc@5 100.000 (97.382)
Epoch: [11][500/875]	Time 0.091 (0.087)	Data 0.005 (0.008)	Loss 0.8957 (1.0424)	Acc@1 71.875 (61.702)	Acc@5 98.438 (97.333)
Epoch: [11][600/875]	Time 0.067 (0.087)	Data 0.005 (0.008)	Loss 0.9966 (1.0447)	Acc@1 59.375 (61.715)	Acc@5 98.438 (97.288)
Epoch: [11][700/875]	Time 0.103 (0.088)	Data 0.006 (0.008)	Loss 1.0045 (1.0454)	Acc@1 53.125 (61.608)	Acc@5 98.438 (97.292)
Epoch: [11][800/875]	Time 0.075 (0.088)	Data 0.005 (0.007)	Loss 0.9319 (1.0482)	Acc@1 65.625 (61.501)	Acc@5 98.438 (97.330)
 * Acc@1 61.470 Acc@5 97.305
epoch 11, total time 77.06
Test: [0/750]	Time 0.678 (0.678)	Loss 0.7181 (0.7181)	Acc@1 81.250 (81.250)	Acc@5 81.250 (81.250)
Test: [100/750]	Time 0.035 (0.041)	Loss 0.2964 (0.5660)	Acc@1 96.875 (83.849)	Acc@5 100.000 (89.511)
Test: [200/750]	Time 0.034 (0.038)	Loss 1.4465 (0.5121)	Acc@1 34.375 (86.147)	Acc@5 81.250 (93.206)
Test: [300/750]	Time 0.030 (0.036)	Loss 1.3653 (0.8061)	Acc@1 40.625 (72.467)	Acc@5 84.375 (91.518)
Test: [400/750]	Time 0.024 (0.035)	Loss 0.7100 (0.9174)	Acc@1 75.000 (66.864)	Acc@5 100.000 (91.295)
Test: [500/750]	Time 0.035 (0.035)	Loss 1.1135 (0.9091)	Acc@1 62.500 (68.089)	Acc@5 87.500 (91.124)
Test: [600/750]	Time 0.023 (0.035)	Loss 1.3036 (0.9780)	Acc@1 40.625 (64.965)	Acc@5 90.625 (90.485)
Test: [700/750]	Time 0.033 (0.035)	Loss 1.6004 (1.0400)	Acc@1 46.875 (61.158)	Acc@5 78.125 (90.344)
 * Acc@1 60.083 Acc@5 89.817
==> training...
Epoch: [12][0/875]	Time 1.264 (1.264)	Data 1.181 (1.181)	Loss 0.9597 (0.9597)	Acc@1 59.375 (59.375)	Acc@5 100.000 (100.000)
Epoch: [12][100/875]	Time 0.110 (0.100)	Data 0.005 (0.017)	Loss 0.8418 (1.0455)	Acc@1 71.875 (61.077)	Acc@5 100.000 (97.076)
Epoch: [12][200/875]	Time 0.089 (0.094)	Data 0.004 (0.012)	Loss 0.9540 (1.0522)	Acc@1 65.625 (60.798)	Acc@5 96.875 (97.186)
Epoch: [12][300/875]	Time 0.070 (0.092)	Data 0.005 (0.010)	Loss 1.1501 (1.0477)	Acc@1 64.062 (61.176)	Acc@5 95.312 (97.192)
Epoch: [12][400/875]	Time 0.080 (0.093)	Data 0.006 (0.009)	Loss 0.9279 (1.0462)	Acc@1 64.062 (61.315)	Acc@5 96.875 (97.187)
Epoch: [12][500/875]	Time 0.072 (0.093)	Data 0.006 (0.008)	Loss 1.0790 (1.0400)	Acc@1 64.062 (61.471)	Acc@5 98.438 (97.262)
Epoch: [12][600/875]	Time 0.101 (0.093)	Data 0.006 (0.008)	Loss 0.7684 (1.0352)	Acc@1 75.000 (61.559)	Acc@5 98.438 (97.343)
Epoch: [12][700/875]	Time 0.103 (0.094)	Data 0.007 (0.008)	Loss 1.1820 (1.0385)	Acc@1 54.688 (61.488)	Acc@5 98.438 (97.332)
Epoch: [12][800/875]	Time 0.102 (0.094)	Data 0.008 (0.007)	Loss 0.9692 (1.0320)	Acc@1 60.938 (61.729)	Acc@5 100.000 (97.388)
 * Acc@1 61.639 Acc@5 97.330
epoch 12, total time 82.40
Test: [0/750]	Time 0.711 (0.711)	Loss 0.5638 (0.5638)	Acc@1 81.250 (81.250)	Acc@5 87.500 (87.500)
Test: [100/750]	Time 0.035 (0.044)	Loss 0.5052 (0.5298)	Acc@1 81.250 (84.777)	Acc@5 96.875 (91.460)
Test: [200/750]	Time 0.029 (0.041)	Loss 1.9948 (0.6073)	Acc@1 28.125 (79.244)	Acc@5 71.875 (92.864)
Test: [300/750]	Time 0.028 (0.040)	Loss 1.2810 (0.9739)	Acc@1 46.875 (64.005)	Acc@5 90.625 (89.026)
Test: [400/750]	Time 0.047 (0.039)	Loss 0.5647 (1.0207)	Acc@1 75.000 (60.926)	Acc@5 96.875 (89.783)
Test: [500/750]	Time 0.037 (0.039)	Loss 1.1240 (0.9780)	Acc@1 59.375 (63.473)	Acc@5 87.500 (90.095)
Test: [600/750]	Time 0.045 (0.039)	Loss 0.6368 (0.9967)	Acc@1 78.125 (63.400)	Acc@5 96.875 (90.287)
Test: [700/750]	Time 0.031 (0.038)	Loss 2.4251 (1.0417)	Acc@1 21.875 (61.537)	Acc@5 53.125 (89.573)
 * Acc@1 59.263 Acc@5 88.071
==> training...
Epoch: [13][0/875]	Time 1.360 (1.360)	Data 1.288 (1.288)	Loss 0.9321 (0.9321)	Acc@1 67.188 (67.188)	Acc@5 96.875 (96.875)
Epoch: [13][100/875]	Time 0.072 (0.096)	Data 0.005 (0.018)	Loss 1.2041 (1.0188)	Acc@1 54.688 (62.330)	Acc@5 92.188 (97.540)
Epoch: [13][200/875]	Time 0.081 (0.089)	Data 0.007 (0.012)	Loss 1.0548 (1.0320)	Acc@1 56.250 (61.614)	Acc@5 93.750 (97.528)
Epoch: [13][300/875]	Time 0.079 (0.086)	Data 0.006 (0.010)	Loss 1.2000 (1.0295)	Acc@1 54.688 (61.784)	Acc@5 95.312 (97.581)
Epoch: [13][400/875]	Time 0.080 (0.085)	Data 0.007 (0.009)	Loss 1.0899 (1.0271)	Acc@1 54.688 (61.892)	Acc@5 96.875 (97.491)
Epoch: [13][500/875]	Time 0.068 (0.084)	Data 0.005 (0.008)	Loss 1.2103 (1.0266)	Acc@1 62.500 (61.898)	Acc@5 93.750 (97.461)
Epoch: [13][600/875]	Time 0.086 (0.083)	Data 0.005 (0.008)	Loss 1.0748 (1.0246)	Acc@1 64.062 (62.079)	Acc@5 98.438 (97.439)
Epoch: [13][700/875]	Time 0.081 (0.083)	Data 0.004 (0.007)	Loss 1.0757 (1.0263)	Acc@1 60.938 (62.061)	Acc@5 95.312 (97.461)
Epoch: [13][800/875]	Time 0.080 (0.082)	Data 0.005 (0.007)	Loss 1.0757 (1.0225)	Acc@1 53.125 (62.174)	Acc@5 98.438 (97.484)
 * Acc@1 62.362 Acc@5 97.436
epoch 13, total time 72.11
Test: [0/750]	Time 0.627 (0.627)	Loss 0.5825 (0.5825)	Acc@1 81.250 (81.250)	Acc@5 87.500 (87.500)
Test: [100/750]	Time 0.026 (0.037)	Loss 0.4150 (0.4315)	Acc@1 87.500 (86.077)	Acc@5 100.000 (92.729)
Test: [200/750]	Time 0.031 (0.034)	Loss 1.5531 (0.4488)	Acc@1 34.375 (84.935)	Acc@5 75.000 (94.807)
Test: [300/750]	Time 0.026 (0.033)	Loss 1.4638 (0.7903)	Acc@1 43.750 (70.536)	Acc@5 93.750 (92.307)
Test: [400/750]	Time 0.027 (0.031)	Loss 0.8776 (0.9593)	Acc@1 65.625 (62.968)	Acc@5 84.375 (90.212)
Test: [500/750]	Time 0.028 (0.031)	Loss 0.7903 (0.9643)	Acc@1 68.750 (64.353)	Acc@5 93.750 (89.521)
Test: [600/750]	Time 0.025 (0.030)	Loss 0.9157 (0.9776)	Acc@1 68.750 (64.382)	Acc@5 93.750 (89.819)
Test: [700/750]	Time 0.027 (0.030)	Loss 1.5644 (1.0078)	Acc@1 53.125 (63.307)	Acc@5 75.000 (90.175)
 * Acc@1 63.179 Acc@5 90.075
saving the best model!
==> training...
Epoch: [14][0/875]	Time 1.164 (1.164)	Data 1.106 (1.106)	Loss 1.0166 (1.0166)	Acc@1 67.188 (67.188)	Acc@5 98.438 (98.438)
Epoch: [14][100/875]	Time 0.078 (0.100)	Data 0.005 (0.017)	Loss 0.8528 (1.0348)	Acc@1 68.750 (61.649)	Acc@5 98.438 (97.324)
Epoch: [14][200/875]	Time 0.084 (0.094)	Data 0.006 (0.011)	Loss 0.9417 (1.0248)	Acc@1 67.188 (62.166)	Acc@5 96.875 (97.536)
Epoch: [14][300/875]	Time 0.078 (0.092)	Data 0.005 (0.010)	Loss 1.0851 (1.0177)	Acc@1 56.250 (62.495)	Acc@5 96.875 (97.534)
Epoch: [14][400/875]	Time 0.095 (0.091)	Data 0.008 (0.009)	Loss 0.8579 (1.0150)	Acc@1 71.875 (62.640)	Acc@5 100.000 (97.467)
Epoch: [14][500/875]	Time 0.095 (0.091)	Data 0.008 (0.008)	Loss 0.9511 (1.0171)	Acc@1 56.250 (62.494)	Acc@5 96.875 (97.427)
Epoch: [14][600/875]	Time 0.080 (0.090)	Data 0.006 (0.008)	Loss 1.1174 (1.0143)	Acc@1 57.812 (62.555)	Acc@5 96.875 (97.447)
Epoch: [14][700/875]	Time 0.075 (0.090)	Data 0.004 (0.007)	Loss 0.9900 (1.0133)	Acc@1 65.625 (62.683)	Acc@5 95.312 (97.452)
Epoch: [14][800/875]	Time 0.080 (0.090)	Data 0.005 (0.007)	Loss 0.8366 (1.0139)	Acc@1 62.500 (62.718)	Acc@5 100.000 (97.439)
 * Acc@1 62.734 Acc@5 97.439
epoch 14, total time 79.81
Test: [0/750]	Time 0.619 (0.619)	Loss 1.0455 (1.0455)	Acc@1 68.750 (68.750)	Acc@5 87.500 (87.500)
Test: [100/750]	Time 0.038 (0.043)	Loss 0.6473 (0.8153)	Acc@1 68.750 (77.382)	Acc@5 96.875 (88.150)
Test: [200/750]	Time 0.030 (0.040)	Loss 1.8722 (0.7709)	Acc@1 28.125 (74.363)	Acc@5 78.125 (91.931)
Test: [300/750]	Time 0.027 (0.039)	Loss 1.3486 (1.0509)	Acc@1 43.750 (60.548)	Acc@5 96.875 (89.338)
Test: [400/750]	Time 0.034 (0.039)	Loss 0.8964 (1.1069)	Acc@1 75.000 (57.248)	Acc@5 90.625 (89.557)
Test: [500/750]	Time 0.047 (0.039)	Loss 0.8749 (1.0962)	Acc@1 75.000 (58.901)	Acc@5 84.375 (88.935)
Test: [600/750]	Time 0.042 (0.038)	Loss 0.5608 (1.0795)	Acc@1 84.375 (60.581)	Acc@5 96.875 (89.195)
Test: [700/750]	Time 0.041 (0.038)	Loss 1.2069 (1.0442)	Acc@1 68.750 (61.845)	Acc@5 75.000 (89.988)
 * Acc@1 62.000 Acc@5 90.029
==> training...
Epoch: [15][0/875]	Time 1.222 (1.222)	Data 1.161 (1.161)	Loss 0.8730 (0.8730)	Acc@1 70.312 (70.312)	Acc@5 100.000 (100.000)
Epoch: [15][100/875]	Time 0.072 (0.106)	Data 0.006 (0.017)	Loss 1.1133 (1.0281)	Acc@1 57.812 (61.680)	Acc@5 93.750 (97.401)
Epoch: [15][200/875]	Time 0.087 (0.101)	Data 0.006 (0.012)	Loss 0.9199 (1.0205)	Acc@1 62.500 (61.754)	Acc@5 96.875 (97.442)
Epoch: [15][300/875]	Time 0.111 (0.099)	Data 0.005 (0.010)	Loss 0.7333 (1.0141)	Acc@1 76.562 (62.292)	Acc@5 100.000 (97.638)
Epoch: [15][400/875]	Time 0.106 (0.098)	Data 0.005 (0.009)	Loss 1.0525 (1.0090)	Acc@1 57.812 (62.578)	Acc@5 98.438 (97.569)
Epoch: [15][500/875]	Time 0.116 (0.097)	Data 0.005 (0.008)	Loss 1.0458 (1.0052)	Acc@1 62.500 (62.734)	Acc@5 98.438 (97.564)
Epoch: [15][600/875]	Time 0.113 (0.097)	Data 0.004 (0.008)	Loss 0.9413 (1.0048)	Acc@1 60.938 (62.874)	Acc@5 100.000 (97.538)
Epoch: [15][700/875]	Time 0.104 (0.097)	Data 0.007 (0.008)	Loss 1.2326 (1.0077)	Acc@1 51.562 (62.808)	Acc@5 98.438 (97.519)
Epoch: [15][800/875]	Time 0.098 (0.096)	Data 0.005 (0.007)	Loss 1.0592 (1.0054)	Acc@1 67.188 (62.834)	Acc@5 96.875 (97.540)
 * Acc@1 62.834 Acc@5 97.554
epoch 15, total time 84.65
Test: [0/750]	Time 0.632 (0.632)	Loss 0.5890 (0.5890)	Acc@1 84.375 (84.375)	Acc@5 87.500 (87.500)
Test: [100/750]	Time 0.028 (0.037)	Loss 0.5770 (0.5186)	Acc@1 75.000 (85.303)	Acc@5 96.875 (92.450)
Test: [200/750]	Time 0.026 (0.035)	Loss 2.2210 (0.6235)	Acc@1 15.625 (78.685)	Acc@5 62.500 (93.315)
Test: [300/750]	Time 0.032 (0.034)	Loss 1.0582 (1.0128)	Acc@1 71.875 (62.697)	Acc@5 93.750 (87.230)
Test: [400/750]	Time 0.035 (0.033)	Loss 0.6736 (1.0297)	Acc@1 81.250 (61.993)	Acc@5 90.625 (88.505)
Test: [500/750]	Time 0.027 (0.033)	Loss 0.7357 (0.9837)	Acc@1 81.250 (64.958)	Acc@5 96.875 (88.885)
Test: [600/750]	Time 0.034 (0.033)	Loss 0.6374 (0.9680)	Acc@1 75.000 (66.155)	Acc@5 96.875 (89.533)
Test: [700/750]	Time 0.037 (0.032)	Loss 1.5382 (0.9758)	Acc@1 53.125 (65.362)	Acc@5 78.125 (89.992)
 * Acc@1 64.267 Acc@5 89.637
saving the best model!
==> training...
Epoch: [16][0/875]	Time 1.257 (1.257)	Data 1.198 (1.198)	Loss 0.9043 (0.9043)	Acc@1 70.312 (70.312)	Acc@5 96.875 (96.875)
Epoch: [16][100/875]	Time 0.086 (0.087)	Data 0.007 (0.017)	Loss 1.1634 (0.9903)	Acc@1 54.688 (63.676)	Acc@5 98.438 (97.710)
Epoch: [16][200/875]	Time 0.074 (0.081)	Data 0.005 (0.011)	Loss 0.8353 (0.9946)	Acc@1 70.312 (63.254)	Acc@5 98.438 (97.722)
Epoch: [16][300/875]	Time 0.066 (0.078)	Data 0.006 (0.009)	Loss 1.1300 (0.9989)	Acc@1 57.812 (63.170)	Acc@5 96.875 (97.633)
Epoch: [16][400/875]	Time 0.068 (0.077)	Data 0.004 (0.008)	Loss 0.9300 (0.9964)	Acc@1 65.625 (63.260)	Acc@5 96.875 (97.647)
Epoch: [16][500/875]	Time 0.068 (0.077)	Data 0.006 (0.008)	Loss 1.0081 (0.9983)	Acc@1 60.938 (63.249)	Acc@5 96.875 (97.574)
Epoch: [16][600/875]	Time 0.067 (0.076)	Data 0.004 (0.007)	Loss 1.0989 (0.9963)	Acc@1 54.688 (63.366)	Acc@5 96.875 (97.574)
Epoch: [16][700/875]	Time 0.072 (0.076)	Data 0.004 (0.007)	Loss 0.9477 (0.9962)	Acc@1 60.938 (63.398)	Acc@5 96.875 (97.584)
Epoch: [16][800/875]	Time 0.063 (0.076)	Data 0.005 (0.007)	Loss 0.7542 (0.9966)	Acc@1 73.438 (63.358)	Acc@5 98.438 (97.608)
 * Acc@1 63.393 Acc@5 97.575
epoch 16, total time 67.33
Test: [0/750]	Time 0.629 (0.629)	Loss 0.7090 (0.7090)	Acc@1 78.125 (78.125)	Acc@5 87.500 (87.500)
Test: [100/750]	Time 0.028 (0.040)	Loss 0.7400 (0.5491)	Acc@1 81.250 (81.528)	Acc@5 96.875 (91.708)
Test: [200/750]	Time 0.027 (0.038)	Loss 1.6152 (0.6314)	Acc@1 34.375 (77.472)	Acc@5 84.375 (93.346)
Test: [300/750]	Time 0.031 (0.037)	Loss 1.5110 (0.9124)	Acc@1 40.625 (66.144)	Acc@5 90.625 (91.217)
Test: [400/750]	Time 0.028 (0.036)	Loss 0.5068 (1.0178)	Acc@1 87.500 (61.354)	Acc@5 90.625 (89.752)
Test: [500/750]	Time 0.033 (0.035)	Loss 0.5862 (0.9519)	Acc@1 75.000 (64.814)	Acc@5 100.000 (90.182)
Test: [600/750]	Time 0.031 (0.036)	Loss 0.7888 (0.9342)	Acc@1 75.000 (65.745)	Acc@5 96.875 (91.020)
Test: [700/750]	Time 0.029 (0.036)	Loss 1.8605 (0.9646)	Acc@1 28.125 (64.658)	Acc@5 65.625 (90.763)
 * Acc@1 63.513 Acc@5 89.983
==> training...
Epoch: [17][0/875]	Time 1.329 (1.329)	Data 1.271 (1.271)	Loss 1.0353 (1.0353)	Acc@1 67.188 (67.188)	Acc@5 95.312 (95.312)
Epoch: [17][100/875]	Time 0.078 (0.106)	Data 0.005 (0.018)	Loss 1.0720 (0.9867)	Acc@1 56.250 (63.784)	Acc@5 100.000 (97.262)
Epoch: [17][200/875]	Time 0.096 (0.101)	Data 0.006 (0.012)	Loss 0.8520 (1.0007)	Acc@1 68.750 (63.270)	Acc@5 96.875 (97.186)
Epoch: [17][300/875]	Time 0.113 (0.099)	Data 0.005 (0.010)	Loss 0.8323 (0.9986)	Acc@1 78.125 (63.299)	Acc@5 98.438 (97.332)
Epoch: [17][400/875]	Time 0.077 (0.098)	Data 0.005 (0.009)	Loss 1.0188 (0.9959)	Acc@1 60.938 (63.346)	Acc@5 98.438 (97.436)
Epoch: [17][500/875]	Time 0.080 (0.097)	Data 0.007 (0.009)	Loss 1.0496 (0.9951)	Acc@1 65.625 (63.398)	Acc@5 98.438 (97.546)
Epoch: [17][600/875]	Time 0.118 (0.097)	Data 0.006 (0.008)	Loss 0.8162 (0.9949)	Acc@1 73.438 (63.379)	Acc@5 98.438 (97.624)
Epoch: [17][700/875]	Time 0.083 (0.097)	Data 0.005 (0.008)	Loss 1.0864 (0.9962)	Acc@1 64.062 (63.385)	Acc@5 98.438 (97.646)
Epoch: [17][800/875]	Time 0.106 (0.096)	Data 0.005 (0.008)	Loss 0.7564 (0.9950)	Acc@1 73.438 (63.446)	Acc@5 100.000 (97.638)
 * Acc@1 63.434 Acc@5 97.659
epoch 17, total time 84.39
Test: [0/750]	Time 0.640 (0.640)	Loss 0.6921 (0.6921)	Acc@1 81.250 (81.250)	Acc@5 87.500 (87.500)
Test: [100/750]	Time 0.033 (0.044)	Loss 0.4706 (0.6288)	Acc@1 75.000 (83.045)	Acc@5 100.000 (89.171)
Test: [200/750]	Time 0.046 (0.040)	Loss 2.1342 (0.6136)	Acc@1 18.750 (79.540)	Acc@5 65.625 (92.382)
Test: [300/750]	Time 0.026 (0.039)	Loss 1.9108 (1.0408)	Acc@1 31.250 (60.922)	Acc@5 81.250 (87.137)
Test: [400/750]	Time 0.031 (0.038)	Loss 0.6537 (1.1602)	Acc@1 78.125 (55.362)	Acc@5 90.625 (87.103)
Test: [500/750]	Time 0.035 (0.038)	Loss 1.2294 (1.1070)	Acc@1 53.125 (58.533)	Acc@5 81.250 (87.806)
Test: [600/750]	Time 0.035 (0.038)	Loss 0.6625 (1.1171)	Acc@1 84.375 (58.553)	Acc@5 93.750 (88.041)
Test: [700/750]	Time 0.059 (0.038)	Loss 1.1445 (1.0825)	Acc@1 68.750 (60.093)	Acc@5 90.625 (89.132)
 * Acc@1 60.979 Acc@5 89.362
==> training...
Epoch: [18][0/875]	Time 1.321 (1.321)	Data 1.261 (1.261)	Loss 1.1881 (1.1881)	Acc@1 62.500 (62.500)	Acc@5 93.750 (93.750)
Epoch: [18][100/875]	Time 0.101 (0.108)	Data 0.006 (0.018)	Loss 1.1337 (1.0010)	Acc@1 62.500 (63.351)	Acc@5 95.312 (97.587)
Epoch: [18][200/875]	Time 0.106 (0.101)	Data 0.005 (0.012)	Loss 0.8247 (0.9894)	Acc@1 71.875 (63.876)	Acc@5 95.312 (97.575)
